Compilation failed:
    source file: '/Users/joonkyun/Downloads/opencv-3.4.2/cmake/checks/cxx11.cpp'
    check option: ''
===== BUILD LOG =====
Change Dir: /Users/joonkyun/Downloads/opencv-3.4.2/release/CMakeFiles/CMakeTmp

Run Build Command:"/usr/bin/make" "cmTC_ccfb4/fast"
/Applications/Xcode.app/Contents/Developer/usr/bin/make -f CMakeFiles/cmTC_ccfb4.dir/build.make CMakeFiles/cmTC_ccfb4.dir/build
Building CXX object CMakeFiles/cmTC_ccfb4.dir/cxx11.cpp.o
/Applications/Xcode.app/Contents/Developer/Toolchains/XcodeDefault.xctoolchain/usr/bin/c++     -fPIE   -o CMakeFiles/cmTC_ccfb4.dir/cxx11.cpp.o -c /Users/joonkyun/Downloads/opencv-3.4.2/cmake/checks/cxx11.cpp
/Users/joonkyun/Downloads/opencv-3.4.2/cmake/checks/cxx11.cpp:4:2: error: "C++11 is not supported"
#error "C++11 is not supported"
 ^
/Users/joonkyun/Downloads/opencv-3.4.2/cmake/checks/cxx11.cpp:11:5: warning: 'auto' type specifier is a C++11 extension [-Wc++11-extensions]
    auto res = test();
    ^
1 warning and 1 error generated.
make[1]: *** [CMakeFiles/cmTC_ccfb4.dir/cxx11.cpp.o] Error 1
make: *** [cmTC_ccfb4/fast] Error 2

===== END =====

Compilation failed:
    source file: '/Users/joonkyun/Downloads/opencv-3.4.2/cmake/checks/cpu_popcnt.cpp'
    check option: ' -msse -msse2 -msse3 -mssse3 -msse4.1'
===== BUILD LOG =====
Change Dir: /Users/joonkyun/Downloads/opencv-3.4.2/release/CMakeFiles/CMakeTmp

Run Build Command:"/usr/bin/make" "cmTC_29797/fast"
/Applications/Xcode.app/Contents/Developer/usr/bin/make -f CMakeFiles/cmTC_29797.dir/build.make CMakeFiles/cmTC_29797.dir/build
Building CXX object CMakeFiles/cmTC_29797.dir/cpu_popcnt.cpp.o
/Applications/Xcode.app/Contents/Developer/Toolchains/XcodeDefault.xctoolchain/usr/bin/c++     -O3 -DNDEBUG -fPIE   -msse -msse2 -msse3 -mssse3 -msse4.1 -o CMakeFiles/cmTC_29797.dir/cpu_popcnt.cpp.o -c /Users/joonkyun/Downloads/opencv-3.4.2/cmake/checks/cpu_popcnt.cpp
/Users/joonkyun/Downloads/opencv-3.4.2/cmake/checks/cpu_popcnt.cpp:14:4: error: "__POPCNT__ is not defined by compiler"
#  error "__POPCNT__ is not defined by compiler"
   ^
/Users/joonkyun/Downloads/opencv-3.4.2/cmake/checks/cpu_popcnt.cpp:22:13: error: use of undeclared identifier 'CV_POPCNT_U32'
    int j = CV_POPCNT_U32(1);
            ^
2 errors generated.
make[1]: *** [CMakeFiles/cmTC_29797.dir/cpu_popcnt.cpp.o] Error 1
make: *** [cmTC_29797/fast] Error 2

===== END =====

Compilation failed:
    source file: '/Users/joonkyun/Downloads/opencv-3.4.2/cmake/checks/cpu_sse42.cpp'
    check option: ' -msse -msse2 -msse3 -mssse3 -msse4.1'
===== BUILD LOG =====
Change Dir: /Users/joonkyun/Downloads/opencv-3.4.2/release/CMakeFiles/CMakeTmp

Run Build Command:"/usr/bin/make" "cmTC_9b558/fast"
/Applications/Xcode.app/Contents/Developer/usr/bin/make -f CMakeFiles/cmTC_9b558.dir/build.make CMakeFiles/cmTC_9b558.dir/build
Building CXX object CMakeFiles/cmTC_9b558.dir/cpu_sse42.cpp.o
/Applications/Xcode.app/Contents/Developer/Toolchains/XcodeDefault.xctoolchain/usr/bin/c++     -O3 -DNDEBUG -fPIE   -msse -msse2 -msse3 -mssse3 -msse4.1 -o CMakeFiles/cmTC_9b558.dir/cpu_sse42.cpp.o -c /Users/joonkyun/Downloads/opencv-3.4.2/cmake/checks/cpu_sse42.cpp
/Users/joonkyun/Downloads/opencv-3.4.2/cmake/checks/cpu_sse42.cpp:5:24: error: always_inline function '_mm_crc32_u8' requires target feature 'sse4.2', but would be inlined into function 'main' that is compiled without support for 'sse4.2'
    unsigned int res = _mm_crc32_u8(1, 2);
                       ^
1 error generated.
make[1]: *** [CMakeFiles/cmTC_9b558.dir/cpu_sse42.cpp.o] Error 1
make: *** [cmTC_9b558/fast] Error 2

===== END =====

Compilation failed:
    source file: '/Users/joonkyun/Downloads/opencv-3.4.2/cmake/checks/cpu_fp16.cpp'
    check option: ' -msse -msse2 -msse3 -mssse3 -msse4.1'
===== BUILD LOG =====
Change Dir: /Users/joonkyun/Downloads/opencv-3.4.2/release/CMakeFiles/CMakeTmp

Run Build Command:"/usr/bin/make" "cmTC_d62d5/fast"
/Applications/Xcode.app/Contents/Developer/usr/bin/make -f CMakeFiles/cmTC_d62d5.dir/build.make CMakeFiles/cmTC_d62d5.dir/build
Building CXX object CMakeFiles/cmTC_d62d5.dir/cpu_fp16.cpp.o
/Applications/Xcode.app/Contents/Developer/Toolchains/XcodeDefault.xctoolchain/usr/bin/c++     -O3 -DNDEBUG -fPIE   -msse -msse2 -msse3 -mssse3 -msse4.1 -o CMakeFiles/cmTC_d62d5.dir/cpu_fp16.cpp.o -c /Users/joonkyun/Downloads/opencv-3.4.2/cmake/checks/cpu_fp16.cpp
/Users/joonkyun/Downloads/opencv-3.4.2/cmake/checks/cpu_fp16.cpp:26:2: error: "FP16 is not supported"
#error "FP16 is not supported"
 ^
/Users/joonkyun/Downloads/opencv-3.4.2/cmake/checks/cpu_fp16.cpp:31:18: error: use of undeclared identifier 'test'
  printf("%d\n", test());
                 ^
2 errors generated.
make[1]: *** [CMakeFiles/cmTC_d62d5.dir/cpu_fp16.cpp.o] Error 1
make: *** [cmTC_d62d5/fast] Error 2

===== END =====

Compilation failed:
    source file: '/Users/joonkyun/Downloads/opencv-3.4.2/cmake/checks/cpu_avx.cpp'
    check option: ' -msse -msse2 -msse3 -mssse3 -msse4.1'
===== BUILD LOG =====
Change Dir: /Users/joonkyun/Downloads/opencv-3.4.2/release/CMakeFiles/CMakeTmp

Run Build Command:"/usr/bin/make" "cmTC_3699f/fast"
/Applications/Xcode.app/Contents/Developer/usr/bin/make -f CMakeFiles/cmTC_3699f.dir/build.make CMakeFiles/cmTC_3699f.dir/build
Building CXX object CMakeFiles/cmTC_3699f.dir/cpu_avx.cpp.o
/Applications/Xcode.app/Contents/Developer/Toolchains/XcodeDefault.xctoolchain/usr/bin/c++     -O3 -DNDEBUG -fPIE   -msse -msse2 -msse3 -mssse3 -msse4.1 -o CMakeFiles/cmTC_3699f.dir/cpu_avx.cpp.o -c /Users/joonkyun/Downloads/opencv-3.4.2/cmake/checks/cpu_avx.cpp
/Users/joonkyun/Downloads/opencv-3.4.2/cmake/checks/cpu_avx.cpp:2:2: error: "__AVX__ define is missing"
#error "__AVX__ define is missing"
 ^
1 error generated.
make[1]: *** [CMakeFiles/cmTC_3699f.dir/cpu_avx.cpp.o] Error 1
make: *** [cmTC_3699f/fast] Error 2

===== END =====

Compilation failed:
    source file: '/Users/joonkyun/Downloads/opencv-3.4.2/cmake/checks/cpu_avx2.cpp'
    check option: ' -msse -msse2 -msse3 -mssse3 -msse4.1'
===== BUILD LOG =====
Change Dir: /Users/joonkyun/Downloads/opencv-3.4.2/release/CMakeFiles/CMakeTmp

Run Build Command:"/usr/bin/make" "cmTC_f7750/fast"
/Applications/Xcode.app/Contents/Developer/usr/bin/make -f CMakeFiles/cmTC_f7750.dir/build.make CMakeFiles/cmTC_f7750.dir/build
Building CXX object CMakeFiles/cmTC_f7750.dir/cpu_avx2.cpp.o
/Applications/Xcode.app/Contents/Developer/Toolchains/XcodeDefault.xctoolchain/usr/bin/c++     -O3 -DNDEBUG -fPIE   -msse -msse2 -msse3 -mssse3 -msse4.1 -o CMakeFiles/cmTC_f7750.dir/cpu_avx2.cpp.o -c /Users/joonkyun/Downloads/opencv-3.4.2/cmake/checks/cpu_avx2.cpp
/Users/joonkyun/Downloads/opencv-3.4.2/cmake/checks/cpu_avx2.cpp:2:2: error: "__AVX2__ define is missing"
#error "__AVX2__ define is missing"
 ^
1 error generated.
make[1]: *** [CMakeFiles/cmTC_f7750.dir/cpu_avx2.cpp.o] Error 1
make: *** [cmTC_f7750/fast] Error 2

===== END =====

Compilation failed:
    source file: '/Users/joonkyun/Downloads/opencv-3.4.2/cmake/checks/cpu_avx512.cpp'
    check option: ' -msse -msse2 -msse3 -mssse3 -msse4.1'
===== BUILD LOG =====
Change Dir: /Users/joonkyun/Downloads/opencv-3.4.2/release/CMakeFiles/CMakeTmp

Run Build Command:"/usr/bin/make" "cmTC_80a9d/fast"
/Applications/Xcode.app/Contents/Developer/usr/bin/make -f CMakeFiles/cmTC_80a9d.dir/build.make CMakeFiles/cmTC_80a9d.dir/build
Building CXX object CMakeFiles/cmTC_80a9d.dir/cpu_avx512.cpp.o
/Applications/Xcode.app/Contents/Developer/Toolchains/XcodeDefault.xctoolchain/usr/bin/c++     -O3 -DNDEBUG -fPIE   -msse -msse2 -msse3 -mssse3 -msse4.1 -o CMakeFiles/cmTC_80a9d.dir/cpu_avx512.cpp.o -c /Users/joonkyun/Downloads/opencv-3.4.2/cmake/checks/cpu_avx512.cpp
/Users/joonkyun/Downloads/opencv-3.4.2/cmake/checks/cpu_avx512.cpp:11:2: error: "AVX512 is not supported"
#error "AVX512 is not supported"
 ^
1 error generated.
make[1]: *** [CMakeFiles/cmTC_80a9d.dir/cpu_avx512.cpp.o] Error 1
make: *** [cmTC_80a9d/fast] Error 2

===== END =====

Compilation failed:
    source file: '/Users/joonkyun/Downloads/opencv-3.4.2/cmake/checks/cpu_avx512skx.cpp'
    check option: ' -msse -msse2 -msse3 -mssse3 -msse4.1'
===== BUILD LOG =====
Change Dir: /Users/joonkyun/Downloads/opencv-3.4.2/release/CMakeFiles/CMakeTmp

Run Build Command:"/usr/bin/make" "cmTC_2d821/fast"
/Applications/Xcode.app/Contents/Developer/usr/bin/make -f CMakeFiles/cmTC_2d821.dir/build.make CMakeFiles/cmTC_2d821.dir/build
Building CXX object CMakeFiles/cmTC_2d821.dir/cpu_avx512skx.cpp.o
/Applications/Xcode.app/Contents/Developer/Toolchains/XcodeDefault.xctoolchain/usr/bin/c++     -O3 -DNDEBUG -fPIE   -msse -msse2 -msse3 -mssse3 -msse4.1 -o CMakeFiles/cmTC_2d821.dir/cpu_avx512skx.cpp.o -c /Users/joonkyun/Downloads/opencv-3.4.2/cmake/checks/cpu_avx512skx.cpp
/Users/joonkyun/Downloads/opencv-3.4.2/cmake/checks/cpu_avx512skx.cpp:15:2: error: "AVX512-SKX is not supported"
#error "AVX512-SKX is not supported"
 ^
1 error generated.
make[1]: *** [CMakeFiles/cmTC_2d821.dir/cpu_avx512skx.cpp.o] Error 1
make: *** [cmTC_2d821/fast] Error 2

===== END =====

Determining if the include file malloc.h exists failed with the following output:
Change Dir: /Users/joonkyun/Downloads/opencv-3.4.2/release/CMakeFiles/CMakeTmp

Run Build Command:"/usr/bin/make" "cmTC_a319a/fast"
/Applications/Xcode.app/Contents/Developer/usr/bin/make -f CMakeFiles/cmTC_a319a.dir/build.make CMakeFiles/cmTC_a319a.dir/build
Building C object CMakeFiles/cmTC_a319a.dir/CheckIncludeFile.c.o
/Applications/Xcode.app/Contents/Developer/Toolchains/XcodeDefault.xctoolchain/usr/bin/cc    -fsigned-char -W -Wall -Werror=return-type -Werror=non-virtual-dtor -Werror=address -Werror=sequence-point -Wformat -Werror=format-security -Wmissing-declarations -Wmissing-prototypes -Wstrict-prototypes -Wundef -Winit-self -Wpointer-arith -Wshadow -Wsign-promo -Wuninitialized -Winit-self -Wno-narrowing -Wno-delete-non-virtual-dtor -Wno-unnamed-type-template-args -Wno-comment -fdiagnostics-show-option -Wno-long-long -Qunused-arguments -Wno-semicolon-before-method-body -ffunction-sections -fdata-sections  -msse -msse2 -msse3 -mssse3 -msse4.1 -fvisibility=hidden -fvisibility-inlines-hidden  -O3 -DNDEBUG -fPIE   -o CMakeFiles/cmTC_a319a.dir/CheckIncludeFile.c.o   -c /Users/joonkyun/Downloads/opencv-3.4.2/release/CMakeFiles/CMakeTmp/CheckIncludeFile.c
/Users/joonkyun/Downloads/opencv-3.4.2/release/CMakeFiles/CMakeTmp/CheckIncludeFile.c:1:10: fatal error: 'malloc.h' file not found
#include <malloc.h>
         ^~~~~~~~~~
1 error generated.
make[1]: *** [CMakeFiles/cmTC_a319a.dir/CheckIncludeFile.c.o] Error 1
make: *** [cmTC_a319a/fast] Error 2


Determining size of off64_t failed with the following output:
Change Dir: /Users/joonkyun/Downloads/opencv-3.4.2/release/CMakeFiles/CMakeTmp

Run Build Command:"/usr/bin/make" "cmTC_46922/fast"
/Applications/Xcode.app/Contents/Developer/usr/bin/make -f CMakeFiles/cmTC_46922.dir/build.make CMakeFiles/cmTC_46922.dir/build
Building C object CMakeFiles/cmTC_46922.dir/OFF64_T.c.o
/Applications/Xcode.app/Contents/Developer/Toolchains/XcodeDefault.xctoolchain/usr/bin/cc    -fsigned-char -W -Wall -Werror=return-type -Werror=non-virtual-dtor -Werror=address -Werror=sequence-point -Wformat -Werror=format-security -Wmissing-declarations -Wmissing-prototypes -Wstrict-prototypes -Wundef -Winit-self -Wpointer-arith -Wshadow -Wsign-promo -Wuninitialized -Winit-self -Wno-narrowing -Wno-delete-non-virtual-dtor -Wno-unnamed-type-template-args -Wno-comment -fdiagnostics-show-option -Wno-long-long -Qunused-arguments -Wno-semicolon-before-method-body -ffunction-sections -fdata-sections  -msse -msse2 -msse3 -mssse3 -msse4.1 -fvisibility=hidden -fvisibility-inlines-hidden  -O3 -DNDEBUG -fPIE   -o CMakeFiles/cmTC_46922.dir/OFF64_T.c.o   -c /Users/joonkyun/Downloads/opencv-3.4.2/release/CMakeFiles/CheckTypeSize/OFF64_T.c
/Users/joonkyun/Downloads/opencv-3.4.2/release/CMakeFiles/CheckTypeSize/OFF64_T.c:19:12: error: use of undeclared identifier 'off64_t'
  ('0' + ((SIZE / 10000)%10)),
           ^
/Users/joonkyun/Downloads/opencv-3.4.2/release/CMakeFiles/CheckTypeSize/OFF64_T.c:17:22: note: expanded from macro 'SIZE'
#define SIZE (sizeof(off64_t))
                     ^
/Users/joonkyun/Downloads/opencv-3.4.2/release/CMakeFiles/CheckTypeSize/OFF64_T.c:20:12: error: use of undeclared identifier 'off64_t'
  ('0' + ((SIZE / 1000)%10)),
           ^
/Users/joonkyun/Downloads/opencv-3.4.2/release/CMakeFiles/CheckTypeSize/OFF64_T.c:17:22: note: expanded from macro 'SIZE'
#define SIZE (sizeof(off64_t))
                     ^
/Users/joonkyun/Downloads/opencv-3.4.2/release/CMakeFiles/CheckTypeSize/OFF64_T.c:21:12: error: use of undeclared identifier 'off64_t'
  ('0' + ((SIZE / 100)%10)),
           ^
/Users/joonkyun/Downloads/opencv-3.4.2/release/CMakeFiles/CheckTypeSize/OFF64_T.c:17:22: note: expanded from macro 'SIZE'
#define SIZE (sizeof(off64_t))
                     ^
/Users/joonkyun/Downloads/opencv-3.4.2/release/CMakeFiles/CheckTypeSize/OFF64_T.c:22:12: error: use of undeclared identifier 'off64_t'
  ('0' + ((SIZE / 10)%10)),
           ^
/Users/joonkyun/Downloads/opencv-3.4.2/release/CMakeFiles/CheckTypeSize/OFF64_T.c:17:22: note: expanded from macro 'SIZE'
#define SIZE (sizeof(off64_t))
                     ^
/Users/joonkyun/Downloads/opencv-3.4.2/release/CMakeFiles/CheckTypeSize/OFF64_T.c:23:12: error: use of undeclared identifier 'off64_t'
  ('0' +  (SIZE    % 10)),
           ^
/Users/joonkyun/Downloads/opencv-3.4.2/release/CMakeFiles/CheckTypeSize/OFF64_T.c:17:22: note: expanded from macro 'SIZE'
#define SIZE (sizeof(off64_t))
                     ^
5 errors generated.
make[1]: *** [CMakeFiles/cmTC_46922.dir/OFF64_T.c.o] Error 1
make: *** [cmTC_46922/fast] Error 2

/Users/joonkyun/Downloads/opencv-3.4.2/release/CMakeFiles/CheckTypeSize/OFF64_T.c:
#include <sys/types.h>
#include <stdint.h>
#include <stddef.h>


#undef KEY
#if defined(__i386)
# define KEY '_','_','i','3','8','6'
#elif defined(__x86_64)
# define KEY '_','_','x','8','6','_','6','4'
#elif defined(__ppc__)
# define KEY '_','_','p','p','c','_','_'
#elif defined(__ppc64__)
# define KEY '_','_','p','p','c','6','4','_','_'
#endif

#define SIZE (sizeof(off64_t))
char info_size[] =  {'I', 'N', 'F', 'O', ':', 's','i','z','e','[',
  ('0' + ((SIZE / 10000)%10)),
  ('0' + ((SIZE / 1000)%10)),
  ('0' + ((SIZE / 100)%10)),
  ('0' + ((SIZE / 10)%10)),
  ('0' +  (SIZE    % 10)),
  ']',
#ifdef KEY
  ' ','k','e','y','[', KEY, ']',
#endif
  '\0'};

#ifdef __CLASSIC_C__
int main(argc, argv) int argc; char *argv[];
#else
int main(int argc, char *argv[])
#endif
{
  int require = 0;
  require += info_size[argc];
  (void)argv;
  return require;
}


Determining if the include file io.h exists failed with the following output:
Change Dir: /Users/joonkyun/Downloads/opencv-3.4.2/release/CMakeFiles/CMakeTmp

Run Build Command:"/usr/bin/make" "cmTC_fe253/fast"
/Applications/Xcode.app/Contents/Developer/usr/bin/make -f CMakeFiles/cmTC_fe253.dir/build.make CMakeFiles/cmTC_fe253.dir/build
Building C object CMakeFiles/cmTC_fe253.dir/CheckIncludeFile.c.o
/Applications/Xcode.app/Contents/Developer/Toolchains/XcodeDefault.xctoolchain/usr/bin/cc    -fsigned-char -W -Wall -Werror=return-type -Werror=non-virtual-dtor -Werror=address -Werror=sequence-point -Wformat -Werror=format-security -Wmissing-declarations -Wmissing-prototypes -Wstrict-prototypes -Wundef -Winit-self -Wpointer-arith -Wshadow -Wsign-promo -Wuninitialized -Winit-self -Wno-narrowing -Wno-delete-non-virtual-dtor -Wno-unnamed-type-template-args -Wno-comment -fdiagnostics-show-option -Wno-long-long -Qunused-arguments -Wno-semicolon-before-method-body -ffunction-sections -fdata-sections  -msse -msse2 -msse3 -mssse3 -msse4.1 -fvisibility=hidden -fvisibility-inlines-hidden  -O3 -DNDEBUG -fPIE   -o CMakeFiles/cmTC_fe253.dir/CheckIncludeFile.c.o   -c /Users/joonkyun/Downloads/opencv-3.4.2/release/CMakeFiles/CMakeTmp/CheckIncludeFile.c
/Users/joonkyun/Downloads/opencv-3.4.2/release/CMakeFiles/CMakeTmp/CheckIncludeFile.c:1:10: fatal error: 'io.h' file not found
#include <io.h>
         ^~~~~~
1 error generated.
make[1]: *** [CMakeFiles/cmTC_fe253.dir/CheckIncludeFile.c.o] Error 1
make: *** [cmTC_fe253/fast] Error 2


Determining size of INT8 failed with the following output:
Change Dir: /Users/joonkyun/Downloads/opencv-3.4.2/release/CMakeFiles/CMakeTmp

Run Build Command:"/usr/bin/make" "cmTC_20072/fast"
/Applications/Xcode.app/Contents/Developer/usr/bin/make -f CMakeFiles/cmTC_20072.dir/build.make CMakeFiles/cmTC_20072.dir/build
Building C object CMakeFiles/cmTC_20072.dir/int8.c.o
/Applications/Xcode.app/Contents/Developer/Toolchains/XcodeDefault.xctoolchain/usr/bin/cc    -fsigned-char -W -Wall -Werror=return-type -Werror=non-virtual-dtor -Werror=address -Werror=sequence-point -Wformat -Werror=format-security -Wmissing-declarations -Wmissing-prototypes -Wstrict-prototypes -Wundef -Winit-self -Wpointer-arith -Wshadow -Wsign-promo -Wuninitialized -Winit-self -Wno-narrowing -Wno-delete-non-virtual-dtor -Wno-unnamed-type-template-args -Wno-comment -fdiagnostics-show-option -Wno-long-long -Qunused-arguments -Wno-semicolon-before-method-body -ffunction-sections -fdata-sections  -msse -msse2 -msse3 -mssse3 -msse4.1 -fvisibility=hidden -fvisibility-inlines-hidden  -O3 -DNDEBUG -fPIE   -o CMakeFiles/cmTC_20072.dir/int8.c.o   -c /Users/joonkyun/Downloads/opencv-3.4.2/release/CMakeFiles/CheckTypeSize/int8.c
/Users/joonkyun/Downloads/opencv-3.4.2/release/CMakeFiles/CheckTypeSize/int8.c:19:12: error: use of undeclared identifier 'INT8'
  ('0' + ((SIZE / 10000)%10)),
           ^
/Users/joonkyun/Downloads/opencv-3.4.2/release/CMakeFiles/CheckTypeSize/int8.c:17:22: note: expanded from macro 'SIZE'
#define SIZE (sizeof(INT8))
                     ^
/Users/joonkyun/Downloads/opencv-3.4.2/release/CMakeFiles/CheckTypeSize/int8.c:20:12: error: use of undeclared identifier 'INT8'
  ('0' + ((SIZE / 1000)%10)),
           ^
/Users/joonkyun/Downloads/opencv-3.4.2/release/CMakeFiles/CheckTypeSize/int8.c:17:22: note: expanded from macro 'SIZE'
#define SIZE (sizeof(INT8))
                     ^
/Users/joonkyun/Downloads/opencv-3.4.2/release/CMakeFiles/CheckTypeSize/int8.c:21:12: error: use of undeclared identifier 'INT8'
  ('0' + ((SIZE / 100)%10)),
           ^
/Users/joonkyun/Downloads/opencv-3.4.2/release/CMakeFiles/CheckTypeSize/int8.c:17:22: note: expanded from macro 'SIZE'
#define SIZE (sizeof(INT8))
                     ^
/Users/joonkyun/Downloads/opencv-3.4.2/release/CMakeFiles/CheckTypeSize/int8.c:22:12: error: use of undeclared identifier 'INT8'
  ('0' + ((SIZE / 10)%10)),
           ^
/Users/joonkyun/Downloads/opencv-3.4.2/release/CMakeFiles/CheckTypeSize/int8.c:17:22: note: expanded from macro 'SIZE'
#define SIZE (sizeof(INT8))
                     ^
/Users/joonkyun/Downloads/opencv-3.4.2/release/CMakeFiles/CheckTypeSize/int8.c:23:12: error: use of undeclared identifier 'INT8'
  ('0' +  (SIZE    % 10)),
           ^
/Users/joonkyun/Downloads/opencv-3.4.2/release/CMakeFiles/CheckTypeSize/int8.c:17:22: note: expanded from macro 'SIZE'
#define SIZE (sizeof(INT8))
                     ^
5 errors generated.
make[1]: *** [CMakeFiles/cmTC_20072.dir/int8.c.o] Error 1
make: *** [cmTC_20072/fast] Error 2

/Users/joonkyun/Downloads/opencv-3.4.2/release/CMakeFiles/CheckTypeSize/int8.c:
#include <sys/types.h>
#include <stdint.h>
#include <stddef.h>


#undef KEY
#if defined(__i386)
# define KEY '_','_','i','3','8','6'
#elif defined(__x86_64)
# define KEY '_','_','x','8','6','_','6','4'
#elif defined(__ppc__)
# define KEY '_','_','p','p','c','_','_'
#elif defined(__ppc64__)
# define KEY '_','_','p','p','c','6','4','_','_'
#endif

#define SIZE (sizeof(INT8))
char info_size[] =  {'I', 'N', 'F', 'O', ':', 's','i','z','e','[',
  ('0' + ((SIZE / 10000)%10)),
  ('0' + ((SIZE / 1000)%10)),
  ('0' + ((SIZE / 100)%10)),
  ('0' + ((SIZE / 10)%10)),
  ('0' +  (SIZE    % 10)),
  ']',
#ifdef KEY
  ' ','k','e','y','[', KEY, ']',
#endif
  '\0'};

#ifdef __CLASSIC_C__
int main(argc, argv) int argc; char *argv[];
#else
int main(int argc, char *argv[])
#endif
{
  int require = 0;
  require += info_size[argc];
  (void)argv;
  return require;
}


Determining size of INT16 failed with the following output:
Change Dir: /Users/joonkyun/Downloads/opencv-3.4.2/release/CMakeFiles/CMakeTmp

Run Build Command:"/usr/bin/make" "cmTC_30a27/fast"
/Applications/Xcode.app/Contents/Developer/usr/bin/make -f CMakeFiles/cmTC_30a27.dir/build.make CMakeFiles/cmTC_30a27.dir/build
Building C object CMakeFiles/cmTC_30a27.dir/int16.c.o
/Applications/Xcode.app/Contents/Developer/Toolchains/XcodeDefault.xctoolchain/usr/bin/cc    -fsigned-char -W -Wall -Werror=return-type -Werror=non-virtual-dtor -Werror=address -Werror=sequence-point -Wformat -Werror=format-security -Wmissing-declarations -Wmissing-prototypes -Wstrict-prototypes -Wundef -Winit-self -Wpointer-arith -Wshadow -Wsign-promo -Wuninitialized -Winit-self -Wno-narrowing -Wno-delete-non-virtual-dtor -Wno-unnamed-type-template-args -Wno-comment -fdiagnostics-show-option -Wno-long-long -Qunused-arguments -Wno-semicolon-before-method-body -ffunction-sections -fdata-sections  -msse -msse2 -msse3 -mssse3 -msse4.1 -fvisibility=hidden -fvisibility-inlines-hidden  -O3 -DNDEBUG -fPIE   -o CMakeFiles/cmTC_30a27.dir/int16.c.o   -c /Users/joonkyun/Downloads/opencv-3.4.2/release/CMakeFiles/CheckTypeSize/int16.c
/Users/joonkyun/Downloads/opencv-3.4.2/release/CMakeFiles/CheckTypeSize/int16.c:19:12: error: use of undeclared identifier 'INT16'
  ('0' + ((SIZE / 10000)%10)),
           ^
/Users/joonkyun/Downloads/opencv-3.4.2/release/CMakeFiles/CheckTypeSize/int16.c:17:22: note: expanded from macro 'SIZE'
#define SIZE (sizeof(INT16))
                     ^
/Users/joonkyun/Downloads/opencv-3.4.2/release/CMakeFiles/CheckTypeSize/int16.c:20:12: error: use of undeclared identifier 'INT16'
  ('0' + ((SIZE / 1000)%10)),
           ^
/Users/joonkyun/Downloads/opencv-3.4.2/release/CMakeFiles/CheckTypeSize/int16.c:17:22: note: expanded from macro 'SIZE'
#define SIZE (sizeof(INT16))
                     ^
/Users/joonkyun/Downloads/opencv-3.4.2/release/CMakeFiles/CheckTypeSize/int16.c:21:12: error: use of undeclared identifier 'INT16'
  ('0' + ((SIZE / 100)%10)),
           ^
/Users/joonkyun/Downloads/opencv-3.4.2/release/CMakeFiles/CheckTypeSize/int16.c:17:22: note: expanded from macro 'SIZE'
#define SIZE (sizeof(INT16))
                     ^
/Users/joonkyun/Downloads/opencv-3.4.2/release/CMakeFiles/CheckTypeSize/int16.c:22:12: error: use of undeclared identifier 'INT16'
  ('0' + ((SIZE / 10)%10)),
           ^
/Users/joonkyun/Downloads/opencv-3.4.2/release/CMakeFiles/CheckTypeSize/int16.c:17:22: note: expanded from macro 'SIZE'
#define SIZE (sizeof(INT16))
                     ^
/Users/joonkyun/Downloads/opencv-3.4.2/release/CMakeFiles/CheckTypeSize/int16.c:23:12: error: use of undeclared identifier 'INT16'
  ('0' +  (SIZE    % 10)),
           ^
/Users/joonkyun/Downloads/opencv-3.4.2/release/CMakeFiles/CheckTypeSize/int16.c:17:22: note: expanded from macro 'SIZE'
#define SIZE (sizeof(INT16))
                     ^
5 errors generated.
make[1]: *** [CMakeFiles/cmTC_30a27.dir/int16.c.o] Error 1
make: *** [cmTC_30a27/fast] Error 2

/Users/joonkyun/Downloads/opencv-3.4.2/release/CMakeFiles/CheckTypeSize/int16.c:
#include <sys/types.h>
#include <stdint.h>
#include <stddef.h>


#undef KEY
#if defined(__i386)
# define KEY '_','_','i','3','8','6'
#elif defined(__x86_64)
# define KEY '_','_','x','8','6','_','6','4'
#elif defined(__ppc__)
# define KEY '_','_','p','p','c','_','_'
#elif defined(__ppc64__)
# define KEY '_','_','p','p','c','6','4','_','_'
#endif

#define SIZE (sizeof(INT16))
char info_size[] =  {'I', 'N', 'F', 'O', ':', 's','i','z','e','[',
  ('0' + ((SIZE / 10000)%10)),
  ('0' + ((SIZE / 1000)%10)),
  ('0' + ((SIZE / 100)%10)),
  ('0' + ((SIZE / 10)%10)),
  ('0' +  (SIZE    % 10)),
  ']',
#ifdef KEY
  ' ','k','e','y','[', KEY, ']',
#endif
  '\0'};

#ifdef __CLASSIC_C__
int main(argc, argv) int argc; char *argv[];
#else
int main(int argc, char *argv[])
#endif
{
  int require = 0;
  require += info_size[argc];
  (void)argv;
  return require;
}


Determining size of INT32 failed with the following output:
Change Dir: /Users/joonkyun/Downloads/opencv-3.4.2/release/CMakeFiles/CMakeTmp

Run Build Command:"/usr/bin/make" "cmTC_8006c/fast"
/Applications/Xcode.app/Contents/Developer/usr/bin/make -f CMakeFiles/cmTC_8006c.dir/build.make CMakeFiles/cmTC_8006c.dir/build
Building C object CMakeFiles/cmTC_8006c.dir/int32.c.o
/Applications/Xcode.app/Contents/Developer/Toolchains/XcodeDefault.xctoolchain/usr/bin/cc    -fsigned-char -W -Wall -Werror=return-type -Werror=non-virtual-dtor -Werror=address -Werror=sequence-point -Wformat -Werror=format-security -Wmissing-declarations -Wmissing-prototypes -Wstrict-prototypes -Wundef -Winit-self -Wpointer-arith -Wshadow -Wsign-promo -Wuninitialized -Winit-self -Wno-narrowing -Wno-delete-non-virtual-dtor -Wno-unnamed-type-template-args -Wno-comment -fdiagnostics-show-option -Wno-long-long -Qunused-arguments -Wno-semicolon-before-method-body -ffunction-sections -fdata-sections  -msse -msse2 -msse3 -mssse3 -msse4.1 -fvisibility=hidden -fvisibility-inlines-hidden  -O3 -DNDEBUG -fPIE   -o CMakeFiles/cmTC_8006c.dir/int32.c.o   -c /Users/joonkyun/Downloads/opencv-3.4.2/release/CMakeFiles/CheckTypeSize/int32.c
/Users/joonkyun/Downloads/opencv-3.4.2/release/CMakeFiles/CheckTypeSize/int32.c:19:12: error: use of undeclared identifier 'INT32'
  ('0' + ((SIZE / 10000)%10)),
           ^
/Users/joonkyun/Downloads/opencv-3.4.2/release/CMakeFiles/CheckTypeSize/int32.c:17:22: note: expanded from macro 'SIZE'
#define SIZE (sizeof(INT32))
                     ^
/Users/joonkyun/Downloads/opencv-3.4.2/release/CMakeFiles/CheckTypeSize/int32.c:20:12: error: use of undeclared identifier 'INT32'
  ('0' + ((SIZE / 1000)%10)),
           ^
/Users/joonkyun/Downloads/opencv-3.4.2/release/CMakeFiles/CheckTypeSize/int32.c:17:22: note: expanded from macro 'SIZE'
#define SIZE (sizeof(INT32))
                     ^
/Users/joonkyun/Downloads/opencv-3.4.2/release/CMakeFiles/CheckTypeSize/int32.c:21:12: error: use of undeclared identifier 'INT32'
  ('0' + ((SIZE / 100)%10)),
           ^
/Users/joonkyun/Downloads/opencv-3.4.2/release/CMakeFiles/CheckTypeSize/int32.c:17:22: note: expanded from macro 'SIZE'
#define SIZE (sizeof(INT32))
                     ^
/Users/joonkyun/Downloads/opencv-3.4.2/release/CMakeFiles/CheckTypeSize/int32.c:22:12: error: use of undeclared identifier 'INT32'
  ('0' + ((SIZE / 10)%10)),
           ^
/Users/joonkyun/Downloads/opencv-3.4.2/release/CMakeFiles/CheckTypeSize/int32.c:17:22: note: expanded from macro 'SIZE'
#define SIZE (sizeof(INT32))
                     ^
/Users/joonkyun/Downloads/opencv-3.4.2/release/CMakeFiles/CheckTypeSize/int32.c:23:12: error: use of undeclared identifier 'INT32'
  ('0' +  (SIZE    % 10)),
           ^
/Users/joonkyun/Downloads/opencv-3.4.2/release/CMakeFiles/CheckTypeSize/int32.c:17:22: note: expanded from macro 'SIZE'
#define SIZE (sizeof(INT32))
                     ^
5 errors generated.
make[1]: *** [CMakeFiles/cmTC_8006c.dir/int32.c.o] Error 1
make: *** [cmTC_8006c/fast] Error 2

/Users/joonkyun/Downloads/opencv-3.4.2/release/CMakeFiles/CheckTypeSize/int32.c:
#include <sys/types.h>
#include <stdint.h>
#include <stddef.h>


#undef KEY
#if defined(__i386)
# define KEY '_','_','i','3','8','6'
#elif defined(__x86_64)
# define KEY '_','_','x','8','6','_','6','4'
#elif defined(__ppc__)
# define KEY '_','_','p','p','c','_','_'
#elif defined(__ppc64__)
# define KEY '_','_','p','p','c','6','4','_','_'
#endif

#define SIZE (sizeof(INT32))
char info_size[] =  {'I', 'N', 'F', 'O', ':', 's','i','z','e','[',
  ('0' + ((SIZE / 10000)%10)),
  ('0' + ((SIZE / 1000)%10)),
  ('0' + ((SIZE / 100)%10)),
  ('0' + ((SIZE / 10)%10)),
  ('0' +  (SIZE    % 10)),
  ']',
#ifdef KEY
  ' ','k','e','y','[', KEY, ']',
#endif
  '\0'};

#ifdef __CLASSIC_C__
int main(argc, argv) int argc; char *argv[];
#else
int main(int argc, char *argv[])
#endif
{
  int require = 0;
  require += info_size[argc];
  (void)argv;
  return require;
}


Build output check failed:
    Regex: 'unknown .*option'
    Output line: 'warning: unknown warning option '-Wno-unused-but-set-variable', did you mean '-Wno-unused-const-variable'? [-Wunknown-warning-option]'
Compilation failed:
    source file: '/Users/joonkyun/Downloads/opencv-3.4.2/release/CMakeFiles/CMakeTmp/src.c'
    check option: ' -Wno-unused-but-set-variable'
===== BUILD LOG =====
Change Dir: /Users/joonkyun/Downloads/opencv-3.4.2/release/CMakeFiles/CMakeTmp

Run Build Command:"/usr/bin/make" "cmTC_be92b/fast"
/Applications/Xcode.app/Contents/Developer/usr/bin/make -f CMakeFiles/cmTC_be92b.dir/build.make CMakeFiles/cmTC_be92b.dir/build
Building C object CMakeFiles/cmTC_be92b.dir/src.c.o
/Applications/Xcode.app/Contents/Developer/Toolchains/XcodeDefault.xctoolchain/usr/bin/cc    -fsigned-char -W -Wall -Werror=return-type -Werror=non-virtual-dtor -Werror=address -Werror=sequence-point -Wformat -Werror=format-security -Wmissing-declarations -Wmissing-prototypes -Wstrict-prototypes -Wundef -Winit-self -Wpointer-arith -Wshadow -Wsign-promo -Wuninitialized -Winit-self -Wno-narrowing -Wno-delete-non-virtual-dtor -Wno-unnamed-type-template-args -Wno-comment -fdiagnostics-show-option -Wno-long-long -Qunused-arguments -Wno-semicolon-before-method-body -ffunction-sections -fdata-sections  -msse -msse2 -msse3 -mssse3 -msse4.1 -fvisibility=hidden -fvisibility-inlines-hidden  -O3 -DNDEBUG -fPIE   -Wno-unused-but-set-variable -o CMakeFiles/cmTC_be92b.dir/src.c.o   -c /Users/joonkyun/Downloads/opencv-3.4.2/release/CMakeFiles/CMakeTmp/src.c
warning: unknown warning option '-Wno-unused-but-set-variable'; did you mean '-Wno-unused-const-variable'? [-Wunknown-warning-option]
/Users/joonkyun/Downloads/opencv-3.4.2/release/CMakeFiles/CMakeTmp/src.c:1:8: warning: unknown pragma ignored [-Wunknown-pragmas]
#pragma
       ^
2 warnings generated.
Linking C executable cmTC_be92b
/Applications/CMake.app/Contents/bin/cmake -E cmake_link_script CMakeFiles/cmTC_be92b.dir/link.txt --verbose=1
/Applications/Xcode.app/Contents/Developer/Toolchains/XcodeDefault.xctoolchain/usr/bin/cc     -fsigned-char -W -Wall -Werror=return-type -Werror=non-virtual-dtor -Werror=address -Werror=sequence-point -Wformat -Werror=format-security -Wmissing-declarations -Wmissing-prototypes -Wstrict-prototypes -Wundef -Winit-self -Wpointer-arith -Wshadow -Wsign-promo -Wuninitialized -Winit-self -Wno-narrowing -Wno-delete-non-virtual-dtor -Wno-unnamed-type-template-args -Wno-comment -fdiagnostics-show-option -Wno-long-long -Qunused-arguments -Wno-semicolon-before-method-body -ffunction-sections -fdata-sections  -msse -msse2 -msse3 -mssse3 -msse4.1 -fvisibility=hidden -fvisibility-inlines-hidden  -O3 -DNDEBUG -Wl,-search_paths_first -Wl,-headerpad_max_install_names    CMakeFiles/cmTC_be92b.dir/src.c.o  -o cmTC_be92b  

===== END =====

Build output check failed:
    Regex: 'unknown .*option'
    Output line: 'warning: unknown warning option '-Wno-maybe-uninitialized', did you mean '-Wno-uninitialized'? [-Wunknown-warning-option]'
Compilation failed:
    source file: '/Users/joonkyun/Downloads/opencv-3.4.2/release/CMakeFiles/CMakeTmp/src.c'
    check option: ' -Wno-maybe-uninitialized'
===== BUILD LOG =====
Change Dir: /Users/joonkyun/Downloads/opencv-3.4.2/release/CMakeFiles/CMakeTmp

Run Build Command:"/usr/bin/make" "cmTC_d944b/fast"
/Applications/Xcode.app/Contents/Developer/usr/bin/make -f CMakeFiles/cmTC_d944b.dir/build.make CMakeFiles/cmTC_d944b.dir/build
Building C object CMakeFiles/cmTC_d944b.dir/src.c.o
/Applications/Xcode.app/Contents/Developer/Toolchains/XcodeDefault.xctoolchain/usr/bin/cc    -fsigned-char -W -Wall -Werror=return-type -Werror=non-virtual-dtor -Werror=address -Werror=sequence-point -Wformat -Werror=format-security   -Wstrict-prototypes  -Winit-self -Wpointer-arith  -Wsign-promo -Wuninitialized -Winit-self -Wno-narrowing -Wno-delete-non-virtual-dtor -Wno-unnamed-type-template-args -Wno-comment -fdiagnostics-show-option -Wno-long-long -Qunused-arguments -Wno-semicolon-before-method-body -ffunction-sections -fdata-sections  -msse -msse2 -msse3 -mssse3 -msse4.1 -fvisibility=hidden -fvisibility-inlines-hidden -Wno-missing-prototypes -Wno-missing-declarations -Wno-undef -Wno-unused -Wno-sign-compare -Wno-cast-align -Wno-shadow  -O3 -DNDEBUG -fPIE   -Wno-maybe-uninitialized -o CMakeFiles/cmTC_d944b.dir/src.c.o   -c /Users/joonkyun/Downloads/opencv-3.4.2/release/CMakeFiles/CMakeTmp/src.c
warning: unknown warning option '-Wno-maybe-uninitialized'; did you mean '-Wno-uninitialized'? [-Wunknown-warning-option]
/Users/joonkyun/Downloads/opencv-3.4.2/release/CMakeFiles/CMakeTmp/src.c:1:8: warning: unknown pragma ignored [-Wunknown-pragmas]
#pragma
       ^
2 warnings generated.
Linking C executable cmTC_d944b
/Applications/CMake.app/Contents/bin/cmake -E cmake_link_script CMakeFiles/cmTC_d944b.dir/link.txt --verbose=1
/Applications/Xcode.app/Contents/Developer/Toolchains/XcodeDefault.xctoolchain/usr/bin/cc     -fsigned-char -W -Wall -Werror=return-type -Werror=non-virtual-dtor -Werror=address -Werror=sequence-point -Wformat -Werror=format-security   -Wstrict-prototypes  -Winit-self -Wpointer-arith  -Wsign-promo -Wuninitialized -Winit-self -Wno-narrowing -Wno-delete-non-virtual-dtor -Wno-unnamed-type-template-args -Wno-comment -fdiagnostics-show-option -Wno-long-long -Qunused-arguments -Wno-semicolon-before-method-body -ffunction-sections -fdata-sections  -msse -msse2 -msse3 -mssse3 -msse4.1 -fvisibility=hidden -fvisibility-inlines-hidden -Wno-missing-prototypes -Wno-missing-declarations -Wno-undef -Wno-unused -Wno-sign-compare -Wno-cast-align -Wno-shadow  -O3 -DNDEBUG -Wl,-search_paths_first -Wl,-headerpad_max_install_names    CMakeFiles/cmTC_d944b.dir/src.c.o  -o cmTC_d944b  

===== END =====

Build output check failed:
    Regex: 'unknown .*option'
    Output line: 'warning: unknown warning option '-Wno-misleading-indentation', did you mean '-Wno-missing-declarations'? [-Wunknown-warning-option]'
Compilation failed:
    source file: '/Users/joonkyun/Downloads/opencv-3.4.2/release/CMakeFiles/CMakeTmp/src.c'
    check option: ' -Wno-misleading-indentation'
===== BUILD LOG =====
Change Dir: /Users/joonkyun/Downloads/opencv-3.4.2/release/CMakeFiles/CMakeTmp

Run Build Command:"/usr/bin/make" "cmTC_367bd/fast"
/Applications/Xcode.app/Contents/Developer/usr/bin/make -f CMakeFiles/cmTC_367bd.dir/build.make CMakeFiles/cmTC_367bd.dir/build
Building C object CMakeFiles/cmTC_367bd.dir/src.c.o
/Applications/Xcode.app/Contents/Developer/Toolchains/XcodeDefault.xctoolchain/usr/bin/cc    -fsigned-char -W -Wall -Werror=return-type -Werror=non-virtual-dtor -Werror=address -Werror=sequence-point -Wformat -Werror=format-security   -Wstrict-prototypes  -Winit-self -Wpointer-arith  -Wsign-promo -Wuninitialized -Winit-self -Wno-narrowing -Wno-delete-non-virtual-dtor -Wno-unnamed-type-template-args -Wno-comment -fdiagnostics-show-option -Wno-long-long -Qunused-arguments -Wno-semicolon-before-method-body -ffunction-sections -fdata-sections  -msse -msse2 -msse3 -mssse3 -msse4.1 -fvisibility=hidden -fvisibility-inlines-hidden -Wno-missing-prototypes -Wno-missing-declarations -Wno-undef -Wno-unused -Wno-sign-compare -Wno-cast-align -Wno-shadow -Wno-pointer-to-int-cast -Wno-int-to-pointer-cast  -O3 -DNDEBUG -fPIE   -Wno-misleading-indentation -o CMakeFiles/cmTC_367bd.dir/src.c.o   -c /Users/joonkyun/Downloads/opencv-3.4.2/release/CMakeFiles/CMakeTmp/src.c
warning: unknown warning option '-Wno-misleading-indentation'; did you mean '-Wno-missing-declarations'? [-Wunknown-warning-option]
/Users/joonkyun/Downloads/opencv-3.4.2/release/CMakeFiles/CMakeTmp/src.c:1:8: warning: unknown pragma ignored [-Wunknown-pragmas]
#pragma
       ^
2 warnings generated.
Linking C executable cmTC_367bd
/Applications/CMake.app/Contents/bin/cmake -E cmake_link_script CMakeFiles/cmTC_367bd.dir/link.txt --verbose=1
/Applications/Xcode.app/Contents/Developer/Toolchains/XcodeDefault.xctoolchain/usr/bin/cc     -fsigned-char -W -Wall -Werror=return-type -Werror=non-virtual-dtor -Werror=address -Werror=sequence-point -Wformat -Werror=format-security   -Wstrict-prototypes  -Winit-self -Wpointer-arith  -Wsign-promo -Wuninitialized -Winit-self -Wno-narrowing -Wno-delete-non-virtual-dtor -Wno-unnamed-type-template-args -Wno-comment -fdiagnostics-show-option -Wno-long-long -Qunused-arguments -Wno-semicolon-before-method-body -ffunction-sections -fdata-sections  -msse -msse2 -msse3 -mssse3 -msse4.1 -fvisibility=hidden -fvisibility-inlines-hidden -Wno-missing-prototypes -Wno-missing-declarations -Wno-undef -Wno-unused -Wno-sign-compare -Wno-cast-align -Wno-shadow -Wno-pointer-to-int-cast -Wno-int-to-pointer-cast  -O3 -DNDEBUG -Wl,-search_paths_first -Wl,-headerpad_max_install_names    CMakeFiles/cmTC_367bd.dir/src.c.o  -o cmTC_367bd  

===== END =====

Build output check failed:
    Regex: 'unknown .*option'
    Output line: 'warning: unknown warning option '-Wno-unused-but-set-parameter', did you mean '-Wno-unused-parameter'? [-Wunknown-warning-option]'
Compilation failed:
    source file: '/Users/joonkyun/Downloads/opencv-3.4.2/release/CMakeFiles/CMakeTmp/src.c'
    check option: ' -Wno-unused-but-set-parameter'
===== BUILD LOG =====
Change Dir: /Users/joonkyun/Downloads/opencv-3.4.2/release/CMakeFiles/CMakeTmp

Run Build Command:"/usr/bin/make" "cmTC_1ce85/fast"
/Applications/Xcode.app/Contents/Developer/usr/bin/make -f CMakeFiles/cmTC_1ce85.dir/build.make CMakeFiles/cmTC_1ce85.dir/build
Building C object CMakeFiles/cmTC_1ce85.dir/src.c.o
/Applications/Xcode.app/Contents/Developer/Toolchains/XcodeDefault.xctoolchain/usr/bin/cc    -fsigned-char -W -Wall -Werror=return-type -Werror=non-virtual-dtor -Werror=address -Werror=sequence-point -Wformat -Werror=format-security -Wmissing-declarations  -Wstrict-prototypes -Wundef -Winit-self -Wpointer-arith -Wshadow -Wsign-promo -Wuninitialized -Winit-self -Wno-narrowing -Wno-delete-non-virtual-dtor -Wno-unnamed-type-template-args -Wno-comment -fdiagnostics-show-option -Wno-long-long -Qunused-arguments -Wno-semicolon-before-method-body -ffunction-sections -fdata-sections  -msse -msse2 -msse3 -mssse3 -msse4.1 -fvisibility=hidden -fvisibility-inlines-hidden -Wno-implicit-function-declaration -Wno-uninitialized -Wno-missing-prototypes  -O3 -DNDEBUG -fPIE   -Wno-unused-but-set-parameter -o CMakeFiles/cmTC_1ce85.dir/src.c.o   -c /Users/joonkyun/Downloads/opencv-3.4.2/release/CMakeFiles/CMakeTmp/src.c
warning: unknown warning option '-Wno-unused-but-set-parameter'; did you mean '-Wno-unused-parameter'? [-Wunknown-warning-option]
/Users/joonkyun/Downloads/opencv-3.4.2/release/CMakeFiles/CMakeTmp/src.c:1:8: warning: unknown pragma ignored [-Wunknown-pragmas]
#pragma
       ^
2 warnings generated.
Linking C executable cmTC_1ce85
/Applications/CMake.app/Contents/bin/cmake -E cmake_link_script CMakeFiles/cmTC_1ce85.dir/link.txt --verbose=1
/Applications/Xcode.app/Contents/Developer/Toolchains/XcodeDefault.xctoolchain/usr/bin/cc     -fsigned-char -W -Wall -Werror=return-type -Werror=non-virtual-dtor -Werror=address -Werror=sequence-point -Wformat -Werror=format-security -Wmissing-declarations  -Wstrict-prototypes -Wundef -Winit-self -Wpointer-arith -Wshadow -Wsign-promo -Wuninitialized -Winit-self -Wno-narrowing -Wno-delete-non-virtual-dtor -Wno-unnamed-type-template-args -Wno-comment -fdiagnostics-show-option -Wno-long-long -Qunused-arguments -Wno-semicolon-before-method-body -ffunction-sections -fdata-sections  -msse -msse2 -msse3 -mssse3 -msse4.1 -fvisibility=hidden -fvisibility-inlines-hidden -Wno-implicit-function-declaration -Wno-uninitialized -Wno-missing-prototypes  -O3 -DNDEBUG -Wl,-search_paths_first -Wl,-headerpad_max_install_names    CMakeFiles/cmTC_1ce85.dir/src.c.o  -o cmTC_1ce85  

===== END =====

Build output check failed:
    Regex: 'unknown .*option'
    Output line: 'warning: unknown warning option '-Wno-pointer-compare' [-Wunknown-warning-option]'
Compilation failed:
    source file: '/Users/joonkyun/Downloads/opencv-3.4.2/release/CMakeFiles/CMakeTmp/src.c'
    check option: ' -Wno-pointer-compare'
===== BUILD LOG =====
Change Dir: /Users/joonkyun/Downloads/opencv-3.4.2/release/CMakeFiles/CMakeTmp

Run Build Command:"/usr/bin/make" "cmTC_b9593/fast"
/Applications/Xcode.app/Contents/Developer/usr/bin/make -f CMakeFiles/cmTC_b9593.dir/build.make CMakeFiles/cmTC_b9593.dir/build
Building C object CMakeFiles/cmTC_b9593.dir/src.c.o
/Applications/Xcode.app/Contents/Developer/Toolchains/XcodeDefault.xctoolchain/usr/bin/cc    -fsigned-char -W -Wall -Werror=return-type -Werror=non-virtual-dtor -Werror=address -Werror=sequence-point -Wformat -Werror=format-security   -Wstrict-prototypes -Wundef -Winit-self -Wpointer-arith  -Wsign-promo -Wuninitialized -Winit-self -Wno-narrowing -Wno-delete-non-virtual-dtor -Wno-unnamed-type-template-args -Wno-comment -fdiagnostics-show-option -Wno-long-long -Qunused-arguments -Wno-semicolon-before-method-body -ffunction-sections -fdata-sections  -msse -msse2 -msse3 -mssse3 -msse4.1 -fvisibility=hidden -fvisibility-inlines-hidden -Wno-implicit-function-declaration -Wno-uninitialized -Wno-missing-prototypes -Wno-missing-declarations -Wno-unused -Wno-shadow -Wno-sign-compare -Wno-strict-overflow  -O3 -DNDEBUG -fPIE   -Wno-pointer-compare -o CMakeFiles/cmTC_b9593.dir/src.c.o   -c /Users/joonkyun/Downloads/opencv-3.4.2/release/CMakeFiles/CMakeTmp/src.c
warning: unknown warning option '-Wno-pointer-compare' [-Wunknown-warning-option]
/Users/joonkyun/Downloads/opencv-3.4.2/release/CMakeFiles/CMakeTmp/src.c:1:8: warning: unknown pragma ignored [-Wunknown-pragmas]
#pragma
       ^
2 warnings generated.
Linking C executable cmTC_b9593
/Applications/CMake.app/Contents/bin/cmake -E cmake_link_script CMakeFiles/cmTC_b9593.dir/link.txt --verbose=1
/Applications/Xcode.app/Contents/Developer/Toolchains/XcodeDefault.xctoolchain/usr/bin/cc     -fsigned-char -W -Wall -Werror=return-type -Werror=non-virtual-dtor -Werror=address -Werror=sequence-point -Wformat -Werror=format-security   -Wstrict-prototypes -Wundef -Winit-self -Wpointer-arith  -Wsign-promo -Wuninitialized -Winit-self -Wno-narrowing -Wno-delete-non-virtual-dtor -Wno-unnamed-type-template-args -Wno-comment -fdiagnostics-show-option -Wno-long-long -Qunused-arguments -Wno-semicolon-before-method-body -ffunction-sections -fdata-sections  -msse -msse2 -msse3 -mssse3 -msse4.1 -fvisibility=hidden -fvisibility-inlines-hidden -Wno-implicit-function-declaration -Wno-uninitialized -Wno-missing-prototypes -Wno-missing-declarations -Wno-unused -Wno-shadow -Wno-sign-compare -Wno-strict-overflow  -O3 -DNDEBUG -Wl,-search_paths_first -Wl,-headerpad_max_install_names    CMakeFiles/cmTC_b9593.dir/src.c.o  -o cmTC_b9593  

===== END =====

Build output check failed:
    Regex: 'unknown .*option'
    Output line: 'warning: unknown warning option '-Wno-misleading-indentation', did you mean '-Wno-missing-declarations'? [-Wunknown-warning-option]'
Compilation failed:
    source file: '/Users/joonkyun/Downloads/opencv-3.4.2/release/CMakeFiles/CMakeTmp/src.cxx'
    check option: ' -Wno-misleading-indentation'
===== BUILD LOG =====
Change Dir: /Users/joonkyun/Downloads/opencv-3.4.2/release/CMakeFiles/CMakeTmp

Run Build Command:"/usr/bin/make" "cmTC_1c938/fast"
/Applications/Xcode.app/Contents/Developer/usr/bin/make -f CMakeFiles/cmTC_1c938.dir/build.make CMakeFiles/cmTC_1c938.dir/build
Building CXX object CMakeFiles/cmTC_1c938.dir/src.cxx.o
/Applications/Xcode.app/Contents/Developer/Toolchains/XcodeDefault.xctoolchain/usr/bin/c++     -fsigned-char -W -Wall -Werror=return-type -Werror=non-virtual-dtor -Werror=address -Werror=sequence-point -Wformat -Werror=format-security  -Wmissing-prototypes -Wstrict-prototypes  -Winit-self -Wpointer-arith  -Wsign-promo  -Winit-self -Wno-narrowing -Wno-delete-non-virtual-dtor -Wno-unnamed-type-template-args -Wno-comment -fdiagnostics-show-option -Wno-long-long -Qunused-arguments -Wno-semicolon-before-method-body -ffunction-sections -fdata-sections  -msse -msse2 -msse3 -mssse3 -msse4.1 -fvisibility=hidden -fvisibility-inlines-hidden -Wno-shadow -Wno-unused -Wno-sign-compare -Wno-undef -Wno-missing-declarations -Wno-uninitialized -Wno-switch -Wno-parentheses -Wno-array-bounds -Wno-extra -Wno-deprecated-declarations  -O3 -DNDEBUG -fPIE   -Wno-misleading-indentation -o CMakeFiles/cmTC_1c938.dir/src.cxx.o -c /Users/joonkyun/Downloads/opencv-3.4.2/release/CMakeFiles/CMakeTmp/src.cxx
warning: unknown warning option '-Wno-misleading-indentation'; did you mean '-Wno-missing-declarations'? [-Wunknown-warning-option]
/Users/joonkyun/Downloads/opencv-3.4.2/release/CMakeFiles/CMakeTmp/src.cxx:1:8: warning: unknown pragma ignored [-Wunknown-pragmas]
#pragma
       ^
2 warnings generated.
Linking CXX executable cmTC_1c938
/Applications/CMake.app/Contents/bin/cmake -E cmake_link_script CMakeFiles/cmTC_1c938.dir/link.txt --verbose=1
/Applications/Xcode.app/Contents/Developer/Toolchains/XcodeDefault.xctoolchain/usr/bin/c++      -fsigned-char -W -Wall -Werror=return-type -Werror=non-virtual-dtor -Werror=address -Werror=sequence-point -Wformat -Werror=format-security  -Wmissing-prototypes -Wstrict-prototypes  -Winit-self -Wpointer-arith  -Wsign-promo  -Winit-self -Wno-narrowing -Wno-delete-non-virtual-dtor -Wno-unnamed-type-template-args -Wno-comment -fdiagnostics-show-option -Wno-long-long -Qunused-arguments -Wno-semicolon-before-method-body -ffunction-sections -fdata-sections  -msse -msse2 -msse3 -mssse3 -msse4.1 -fvisibility=hidden -fvisibility-inlines-hidden -Wno-shadow -Wno-unused -Wno-sign-compare -Wno-undef -Wno-missing-declarations -Wno-uninitialized -Wno-switch -Wno-parentheses -Wno-array-bounds -Wno-extra -Wno-deprecated-declarations  -O3 -DNDEBUG -Wl,-search_paths_first -Wl,-headerpad_max_install_names    CMakeFiles/cmTC_1c938.dir/src.cxx.o  -o cmTC_1c938  

===== END =====

Build output check failed:
    Regex: 'unknown .*option'
    Output line: 'warning: unknown warning option '-Wno-suggest-override', did you mean '-Wno-shift-overflow'? [-Wunknown-warning-option]'
Compilation failed:
    source file: '/Users/joonkyun/Downloads/opencv-3.4.2/release/CMakeFiles/CMakeTmp/src.cxx'
    check option: ' -Wno-suggest-override'
===== BUILD LOG =====
Change Dir: /Users/joonkyun/Downloads/opencv-3.4.2/release/CMakeFiles/CMakeTmp

Run Build Command:"/usr/bin/make" "cmTC_80405/fast"
/Applications/Xcode.app/Contents/Developer/usr/bin/make -f CMakeFiles/cmTC_80405.dir/build.make CMakeFiles/cmTC_80405.dir/build
Building CXX object CMakeFiles/cmTC_80405.dir/src.cxx.o
/Applications/Xcode.app/Contents/Developer/Toolchains/XcodeDefault.xctoolchain/usr/bin/c++     -fsigned-char -W -Wall -Werror=return-type -Werror=non-virtual-dtor -Werror=address -Werror=sequence-point -Wformat -Werror=format-security  -Wmissing-prototypes -Wstrict-prototypes  -Winit-self -Wpointer-arith  -Wsign-promo  -Winit-self -Wno-narrowing -Wno-delete-non-virtual-dtor -Wno-unnamed-type-template-args -Wno-comment -fdiagnostics-show-option -Wno-long-long -Qunused-arguments -Wno-semicolon-before-method-body -ffunction-sections -fdata-sections  -msse -msse2 -msse3 -mssse3 -msse4.1 -fvisibility=hidden -fvisibility-inlines-hidden -Wno-shadow -Wno-unused -Wno-sign-compare -Wno-undef -Wno-missing-declarations -Wno-uninitialized -Wno-switch -Wno-parentheses -Wno-array-bounds -Wno-extra -Wno-deprecated-declarations -Wno-deprecated  -O3 -DNDEBUG -fPIE   -Wno-suggest-override -o CMakeFiles/cmTC_80405.dir/src.cxx.o -c /Users/joonkyun/Downloads/opencv-3.4.2/release/CMakeFiles/CMakeTmp/src.cxx
warning: unknown warning option '-Wno-suggest-override'; did you mean '-Wno-shift-overflow'? [-Wunknown-warning-option]
/Users/joonkyun/Downloads/opencv-3.4.2/release/CMakeFiles/CMakeTmp/src.cxx:1:8: warning: unknown pragma ignored [-Wunknown-pragmas]
#pragma
       ^
2 warnings generated.
Linking CXX executable cmTC_80405
/Applications/CMake.app/Contents/bin/cmake -E cmake_link_script CMakeFiles/cmTC_80405.dir/link.txt --verbose=1
/Applications/Xcode.app/Contents/Developer/Toolchains/XcodeDefault.xctoolchain/usr/bin/c++      -fsigned-char -W -Wall -Werror=return-type -Werror=non-virtual-dtor -Werror=address -Werror=sequence-point -Wformat -Werror=format-security  -Wmissing-prototypes -Wstrict-prototypes  -Winit-self -Wpointer-arith  -Wsign-promo  -Winit-self -Wno-narrowing -Wno-delete-non-virtual-dtor -Wno-unnamed-type-template-args -Wno-comment -fdiagnostics-show-option -Wno-long-long -Qunused-arguments -Wno-semicolon-before-method-body -ffunction-sections -fdata-sections  -msse -msse2 -msse3 -mssse3 -msse4.1 -fvisibility=hidden -fvisibility-inlines-hidden -Wno-shadow -Wno-unused -Wno-sign-compare -Wno-undef -Wno-missing-declarations -Wno-uninitialized -Wno-switch -Wno-parentheses -Wno-array-bounds -Wno-extra -Wno-deprecated-declarations -Wno-deprecated  -O3 -DNDEBUG -Wl,-search_paths_first -Wl,-headerpad_max_install_names    CMakeFiles/cmTC_80405.dir/src.cxx.o  -o cmTC_80405  

===== END =====

Build output check failed:
    Regex: 'unknown .*option'
    Output line: 'warning: unknown warning option '-Wno-enum-compare-switch', did you mean '-Wno-enum-compare'? [-Wunknown-warning-option]'
Compilation failed:
    source file: '/Users/joonkyun/Downloads/opencv-3.4.2/release/CMakeFiles/CMakeTmp/src.cxx'
    check option: ' -Wno-enum-compare-switch'
===== BUILD LOG =====
Change Dir: /Users/joonkyun/Downloads/opencv-3.4.2/release/CMakeFiles/CMakeTmp

Run Build Command:"/usr/bin/make" "cmTC_2acf0/fast"
/Applications/Xcode.app/Contents/Developer/usr/bin/make -f CMakeFiles/cmTC_2acf0.dir/build.make CMakeFiles/cmTC_2acf0.dir/build
Building CXX object CMakeFiles/cmTC_2acf0.dir/src.cxx.o
/Applications/Xcode.app/Contents/Developer/Toolchains/XcodeDefault.xctoolchain/usr/bin/c++     -fsigned-char -W -Wall -Werror=return-type -Werror=non-virtual-dtor -Werror=address -Werror=sequence-point -Wformat -Werror=format-security   -Wstrict-prototypes  -Winit-self -Wpointer-arith   -Wuninitialized -Winit-self -Wno-narrowing -Wno-delete-non-virtual-dtor -Wno-unnamed-type-template-args -Wno-comment -fdiagnostics-show-option -Wno-long-long -Qunused-arguments -Wno-semicolon-before-method-body -ffunction-sections -fdata-sections  -msse -msse2 -msse3 -mssse3 -msse4.1 -fvisibility=hidden -fvisibility-inlines-hidden -Wno-deprecated -Wno-missing-prototypes -Wno-missing-declarations -Wno-shadow -Wno-unused-parameter -Wno-unused-local-typedefs -Wno-sign-compare -Wno-sign-promo -Wno-undef -Wno-tautological-undefined-compare -Wno-ignored-qualifiers -Wno-extra -Wno-unused-function -Wno-unused-const-variable -Wno-shorten-64-to-32 -Wno-invalid-offsetof  -O3 -DNDEBUG -fPIE   -Wno-enum-compare-switch -o CMakeFiles/cmTC_2acf0.dir/src.cxx.o -c /Users/joonkyun/Downloads/opencv-3.4.2/release/CMakeFiles/CMakeTmp/src.cxx
warning: unknown warning option '-Wno-enum-compare-switch'; did you mean '-Wno-enum-compare'? [-Wunknown-warning-option]
/Users/joonkyun/Downloads/opencv-3.4.2/release/CMakeFiles/CMakeTmp/src.cxx:1:8: warning: unknown pragma ignored [-Wunknown-pragmas]
#pragma
       ^
2 warnings generated.
Linking CXX executable cmTC_2acf0
/Applications/CMake.app/Contents/bin/cmake -E cmake_link_script CMakeFiles/cmTC_2acf0.dir/link.txt --verbose=1
/Applications/Xcode.app/Contents/Developer/Toolchains/XcodeDefault.xctoolchain/usr/bin/c++      -fsigned-char -W -Wall -Werror=return-type -Werror=non-virtual-dtor -Werror=address -Werror=sequence-point -Wformat -Werror=format-security   -Wstrict-prototypes  -Winit-self -Wpointer-arith   -Wuninitialized -Winit-self -Wno-narrowing -Wno-delete-non-virtual-dtor -Wno-unnamed-type-template-args -Wno-comment -fdiagnostics-show-option -Wno-long-long -Qunused-arguments -Wno-semicolon-before-method-body -ffunction-sections -fdata-sections  -msse -msse2 -msse3 -mssse3 -msse4.1 -fvisibility=hidden -fvisibility-inlines-hidden -Wno-deprecated -Wno-missing-prototypes -Wno-missing-declarations -Wno-shadow -Wno-unused-parameter -Wno-unused-local-typedefs -Wno-sign-compare -Wno-sign-promo -Wno-undef -Wno-tautological-undefined-compare -Wno-ignored-qualifiers -Wno-extra -Wno-unused-function -Wno-unused-const-variable -Wno-shorten-64-to-32 -Wno-invalid-offsetof  -O3 -DNDEBUG -Wl,-search_paths_first -Wl,-headerpad_max_install_names    CMakeFiles/cmTC_2acf0.dir/src.cxx.o  -o cmTC_2acf0  

===== END =====

Build output check failed:
    Regex: 'unknown .*option'
    Output line: 'warning: unknown warning option '-Wno-maybe-uninitialized', did you mean '-Wno-uninitialized'? [-Wunknown-warning-option]'
Compilation failed:
    source file: '/Users/joonkyun/Downloads/opencv-3.4.2/release/CMakeFiles/CMakeTmp/src.cxx'
    check option: ' -Wno-maybe-uninitialized'
===== BUILD LOG =====
Change Dir: /Users/joonkyun/Downloads/opencv-3.4.2/release/CMakeFiles/CMakeTmp

Run Build Command:"/usr/bin/make" "cmTC_d2dbe/fast"
/Applications/Xcode.app/Contents/Developer/usr/bin/make -f CMakeFiles/cmTC_d2dbe.dir/build.make CMakeFiles/cmTC_d2dbe.dir/build
Building CXX object CMakeFiles/cmTC_d2dbe.dir/src.cxx.o
/Applications/Xcode.app/Contents/Developer/Toolchains/XcodeDefault.xctoolchain/usr/bin/c++     -fsigned-char -W -Wall -Werror=return-type -Werror=non-virtual-dtor -Werror=address -Werror=sequence-point -Wformat -Werror=format-security -Wmissing-declarations -Wmissing-prototypes -Wstrict-prototypes -Wundef -Winit-self -Wpointer-arith -Wshadow -Wsign-promo -Wuninitialized -Winit-self -Wno-narrowing -Wno-delete-non-virtual-dtor -Wno-unnamed-type-template-args -Wno-comment -fdiagnostics-show-option -Wno-long-long -Qunused-arguments -Wno-semicolon-before-method-body -ffunction-sections -fdata-sections  -msse -msse2 -msse3 -mssse3 -msse4.1 -fvisibility=hidden -fvisibility-inlines-hidden -Wno-shadow -Wno-parentheses  -O3 -DNDEBUG -fPIE   -Wno-maybe-uninitialized -o CMakeFiles/cmTC_d2dbe.dir/src.cxx.o -c /Users/joonkyun/Downloads/opencv-3.4.2/release/CMakeFiles/CMakeTmp/src.cxx
warning: unknown warning option '-Wno-maybe-uninitialized'; did you mean '-Wno-uninitialized'? [-Wunknown-warning-option]
/Users/joonkyun/Downloads/opencv-3.4.2/release/CMakeFiles/CMakeTmp/src.cxx:1:8: warning: unknown pragma ignored [-Wunknown-pragmas]
#pragma
       ^
2 warnings generated.
Linking CXX executable cmTC_d2dbe
/Applications/CMake.app/Contents/bin/cmake -E cmake_link_script CMakeFiles/cmTC_d2dbe.dir/link.txt --verbose=1
/Applications/Xcode.app/Contents/Developer/Toolchains/XcodeDefault.xctoolchain/usr/bin/c++      -fsigned-char -W -Wall -Werror=return-type -Werror=non-virtual-dtor -Werror=address -Werror=sequence-point -Wformat -Werror=format-security -Wmissing-declarations -Wmissing-prototypes -Wstrict-prototypes -Wundef -Winit-self -Wpointer-arith -Wshadow -Wsign-promo -Wuninitialized -Winit-self -Wno-narrowing -Wno-delete-non-virtual-dtor -Wno-unnamed-type-template-args -Wno-comment -fdiagnostics-show-option -Wno-long-long -Qunused-arguments -Wno-semicolon-before-method-body -ffunction-sections -fdata-sections  -msse -msse2 -msse3 -mssse3 -msse4.1 -fvisibility=hidden -fvisibility-inlines-hidden -Wno-shadow -Wno-parentheses  -O3 -DNDEBUG -Wl,-search_paths_first -Wl,-headerpad_max_install_names    CMakeFiles/cmTC_d2dbe.dir/src.cxx.o  -o cmTC_d2dbe  

===== END =====

